Build started 23/11/2015 19:29:30.
     1>Project "C:\Users\George-PC\Documents\Visual Studio 2015\Projects\Escape\Escape\Escape.vcxproj" on node 2 (Build target(s)).
     1>ClCompile:
         C:\Program Files (x86)\Microsoft Visual Studio 14.0\VC\bin\CL.exe /c /ZI /nologo /W3 /WX- /Od /Oy- /D WIN32 /D _DEBUG /D _CONSOLE /D _UNICODE /D UNICODE /Gm /EHsc /RTC1 /MDd /GS /fp:precise /Zc:wchar_t /Zc:forScope /Zc:inline /Fo"Debug\\" /Fd"Debug\vc140.pdb" /Gd /TP /analyze- /errorReport:prompt main.cpp
         main.cpp
     1>c:\users\george-pc\documents\visual studio 2015\projects\escape\escape\main.cpp(45): warning C4018: '<': signed/unsigned mismatch
     1>c:\users\george-pc\documents\visual studio 2015\projects\escape\escape\main.cpp(55): warning C4996: 'getch': The POSIX name for this item is deprecated. Instead, use the ISO C and C++ conformant name: _getch. See online help for details.
         c:\program files (x86)\windows kits\10\include\10.0.10150.0\ucrt\conio.h(452): note: see declaration of 'getch'
     1>c:\users\george-pc\documents\visual studio 2015\projects\escape\escape\main.cpp(100): warning C4018: '<': signed/unsigned mismatch
     1>c:\users\george-pc\documents\visual studio 2015\projects\escape\escape\main.cpp(102): warning C4018: '<=': signed/unsigned mismatch
     1>c:\users\george-pc\documents\visual studio 2015\projects\escape\escape\main.cpp(103): warning C4018: '<=': signed/unsigned mismatch
     1>c:\users\george-pc\documents\visual studio 2015\projects\escape\escape\main.cpp(105): warning C4018: '>=': signed/unsigned mismatch
     1>c:\users\george-pc\documents\visual studio 2015\projects\escape\escape\main.cpp(105): warning C4018: '<=': signed/unsigned mismatch
     1>c:\users\george-pc\documents\visual studio 2015\projects\escape\escape\main.cpp(106): warning C4018: '>=': signed/unsigned mismatch
     1>c:\users\george-pc\documents\visual studio 2015\projects\escape\escape\main.cpp(106): warning C4018: '<=': signed/unsigned mismatch
       Link:
         C:\Program Files (x86)\Microsoft Visual Studio 14.0\VC\bin\link.exe /ERRORREPORT:PROMPT /OUT:"C:\Users\George-PC\Documents\Visual Studio 2015\Projects\Escape\Debug\Escape.exe" /INCREMENTAL /NOLOGO kernel32.lib user32.lib gdi32.lib winspool.lib comdlg32.lib advapi32.lib shell32.lib ole32.lib oleaut32.lib uuid.lib odbc32.lib odbccp32.lib /MANIFEST /MANIFESTUAC:"level='asInvoker' uiAccess='false'" /manifest:embed /Debug /PDB:"C:\Users\George-PC\Documents\Visual Studio 2015\Projects\Escape\Debug\Escape.pdb" /SUBSYSTEM:CONSOLE /TLBID:1 /DYNAMICBASE /NXCOMPAT /IMPLIB:"C:\Users\George-PC\Documents\Visual Studio 2015\Projects\Escape\Debug\Escape.lib" /MACHINE:X86 Debug\main.obj
         Escape.vcxproj -> C:\Users\George-PC\Documents\Visual Studio 2015\Projects\Escape\Debug\Escape.exe
     1>Done Building Project "C:\Users\George-PC\Documents\Visual Studio 2015\Projects\Escape\Escape\Escape.vcxproj" (Build target(s)).

Build succeeded.

Time Elapsed 00:00:05.18
